<?xml version="1.0" encoding="utf-8"?><testsuites name="pytest tests"><testsuite name="pytest" errors="0" failures="0" skipped="0" tests="20" time="3.500" timestamp="2026-08-16T21:10:31.134746+00:00" hostname="agent-env-5a8f24bf-d2d4-4afa-9206-713fd5aa29a8"><testcase classname="tests.test_oauth.TestNonMcpEndpoints" name="test_models" time="0.308" /><testcase classname="tests.test_oauth.TestAuthorizeAndToken" name="test_authorize_returns_302_with_code" time="0.384" /><testcase classname="tests.test_oauth.TestNonMcpEndpoints" name="test_gallery" time="0.116" /><testcase classname="tests.test_oauth.TestAuthorizeAndToken" name="test_authorize_unsupported_response_type" time="0.246" /><testcase classname="tests.test_oauth.TestNonMcpEndpoints" name="test_collections" time="0.142" /><testcase classname="tests.test_oauth.TestNonMcpEndpoints" name="test_style_presets" time="0.126" /><testcase classname="tests.test_oauth.TestNonMcpEndpoints" name="test_settings_has_mcp_connect_path" time="0.112" /><testcase classname="tests.test_oauth.TestAuthorizeAndToken" name="test_token_exchange_success_returns_mcp_token" time="0.484" /><testcase classname="tests.test_oauth.TestMcpWithToken" name="test_full_handshake_and_tools_list" time="0.746" /><testcase classname="tests.test_oauth.TestAuthorizeAndToken" name="test_token_exchange_wrong_pkce_verifier" time="0.325" /><testcase classname="tests.test_oauth.TestAuthorizeAndToken" name="test_code_is_single_use" time="0.537" /><testcase classname="tests.test_oauth.TestMcpWithToken" name="test_plain_bearer_still_works" time="0.209" /><testcase classname="tests.test_oauth.TestMcpWithToken" name="test_path_token_still_works" time="0.137" /><testcase classname="tests.test_oauth.TestMcpUnauthorized" name="test_mcp_401_with_www_authenticate" time="0.122" /><testcase classname="tests.test_oauth.TestAuthorizeAndToken" name="test_refresh_token_grant" time="0.153" /><testcase classname="tests.test_oauth.TestMcpUnauthorized" name="test_options_passes_through" time="0.088" /><testcase classname="tests.test_oauth.TestRegistration" name="test_register_returns_credentials" time="0.119" /><testcase classname="tests.test_oauth.TestDiscovery" name="test_authorization_server_metadata" time="0.127" /><testcase classname="tests.test_oauth.TestRegenerateInvalidatesOld" name="test_regenerate_and_reflow" time="0.729" /><testcase classname="tests.test_oauth.TestDiscovery" name="test_protected_resource_metadata" time="0.233" /></testsuite></testsuites>