<?xml version="1.0" encoding="utf-8"?><testsuites name="pytest tests"><testsuite name="pytest" errors="0" failures="0" skipped="0" tests="11" time="2.048" timestamp="2026-08-16T21:03:51.166845+00:00" hostname="agent-env-5a8f24bf-d2d4-4afa-9206-713fd5aa29a8"><testcase classname="tests.test_mcp_path_token.TestPathTokenAuth" name="test_path_token_returns_200" time="0.302" /><testcase classname="tests.test_mcp_path_token.TestFullHandshakeViaPathToken" name="test_initialize_notifications_toolslist" time="0.627" /><testcase classname="tests.test_mcp_path_token.TestPathTokenAuth" name="test_wrong_path_token_401" time="0.142" /><testcase classname="tests.test_mcp_path_token.TestPathTokenAuth" name="test_no_token_anywhere_401" time="0.147" /><testcase classname="tests.test_mcp_path_token.TestPathTokenAuth" name="test_bearer_header_still_works" time="0.143" /><testcase classname="tests.test_mcp_path_token.TestFullHandshakeViaPathToken" name="test_tools_call_list_gallery_returns_absolute_urls" time="0.330" /><testcase classname="tests.test_mcp_path_token.TestPathTokenAuth" name="test_x_api_key_works" time="0.095" /><testcase classname="tests.test_mcp_path_token.TestPathTokenAuth" name="test_query_string_works" time="0.109" /><testcase classname="tests.test_mcp_path_token.TestPathTokenAuth" name="test_options_preflight_not_401" time="0.070" /><testcase classname="tests.test_mcp_path_token.TestSettingsMcpConnectPath" name="test_mcp_connect_path_present" time="0.000" /><testcase classname="tests.test_mcp_path_token.TestRegenerateInvalidatesOldPathToken" name="test_regen_updates_path_token" time="0.584" /></testsuite></testsuites>