<?xml version="1.0" encoding="utf-8"?><testsuites name="pytest tests"><testsuite name="pytest" errors="0" failures="0" skipped="0" tests="18" time="48.816" timestamp="2026-08-12T08:05:49.934248+00:00" hostname="agent-env-5a8f24bf-d2d4-4afa-9206-713fd5aa29a8"><testcase classname="tests.backend_test.TestSettings" name="test_settings_get" time="0.260" /><testcase classname="tests.backend_test.TestMeta" name="test_root" time="0.271" /><testcase classname="tests.backend_test.TestSettings" name="test_mcp_regenerate" time="0.172" /><testcase classname="tests.backend_test.TestMeta" name="test_models" time="0.054" /><testcase classname="tests.backend_test.TestMeta" name="test_aspect_ratios" time="0.057" /><testcase classname="tests.backend_test.TestSettings" name="test_settings_update_key" time="0.087" /><testcase classname="tests.backend_test.TestReferences" name="test_upload" time="3.790" /><testcase classname="tests.backend_test.TestReferences" name="test_serve_image" time="0.249" /><testcase classname="tests.backend_test.TestReferences" name="test_analyze" time="20.129" /><testcase classname="tests.backend_test.TestPresets" name="test_list_contains" time="6.652" /><testcase classname="tests.backend_test.TestPresets" name="test_delete" time="0.167" /><testcase classname="tests.backend_test.TestGenerate" name="test_image_served" time="7.683" /><testcase classname="tests.backend_test.TestGenerate" name="test_generate_with_preset" time="7.080" /><testcase classname="tests.backend_test.TestMCP" name="test_no_auth_returns_401" time="0.144" /><testcase classname="tests.backend_test.TestMCP" name="test_initialize_and_tools" time="0.502" /><testcase classname="tests.backend_test.TestBulk" name="test_bulk_flow" time="14.802" /><testcase classname="tests.backend_test.TestGallery" name="test_gallery_list" time="16.796" /><testcase classname="tests.backend_test.TestGallery" name="test_gallery_delete" time="6.777" /></testsuite></testsuites>