<?xml version="1.0" encoding="utf-8"?><testsuites name="pytest tests"><testsuite name="pytest" errors="0" failures="0" skipped="0" tests="19" time="2.616" timestamp="2026-08-16T21:20:17.862484+00:00" hostname="agent-env-5a8f24bf-d2d4-4afa-9206-713fd5aa29a8"><testcase classname="tests.test_oauth_root.TestRootFullFlow" name="test_root_authorize_returns_302_with_code" time="0.367" /><testcase classname="tests.test_oauth_root.TestNonMcpRegression" name="test_models" time="0.236" /><testcase classname="tests.test_oauth_root.TestNonMcpRegression" name="test_settings" time="0.099" /><testcase classname="tests.test_oauth_root.TestNonMcpRegression" name="test_gallery" time="0.103" /><testcase classname="tests.test_oauth_root.TestNonMcpRegression" name="test_collections" time="0.110" /><testcase classname="tests.test_oauth_root.TestRootFullFlow" name="test_root_token_exchange_returns_mcp_token" time="0.440" /><testcase classname="tests.test_oauth_root.TestNonMcpRegression" name="test_style_presets" time="0.101" /><testcase classname="tests.test_oauth_root.TestRootDiscovery" name="test_root_authorization_server_metadata" time="0.102" /><testcase classname="tests.test_oauth_root.TestRootDiscovery" name="test_root_authorization_server_metadata_with_api_suffix" time="0.129" /><testcase classname="tests.test_oauth_root.TestRootFullFlow" name="test_root_pkce_wrong_verifier" time="0.344" /><testcase classname="tests.test_oauth_root.TestRootDiscovery" name="test_root_protected_resource_metadata" time="0.113" /><testcase classname="tests.test_oauth_root.TestRootRegistration" name="test_root_register_returns_credentials" time="0.119" /><testcase classname="tests.test_oauth_root.TestRootRegistration" name="test_options_preflight_no_401" time="0.075" /><testcase classname="tests.test_oauth_root.TestRootFullFlow" name="test_root_code_single_use" time="0.448" /><testcase classname="tests.test_oauth_root.TestExistingAuthStillWorks" name="test_bearer_header_on_api_mcp" time="0.256" /><testcase classname="tests.test_oauth_root.TestExistingAuthStillWorks" name="test_path_token_on_api_mcp" time="0.093" /><testcase classname="tests.test_oauth_root.TestRootObtainedTokenOnMcp" name="test_root_flow_token_completes_mcp_handshake" time="0.565" /><testcase classname="tests.test_oauth_root.TestRootFullFlow" name="test_root_refresh_token_grant" time="0.109" /><testcase classname="tests.test_oauth_root.TestRootWwwAuthenticateOnMcp" name="test_mcp_401_points_at_root_resource_metadata" time="0.096" /></testsuite></testsuites>